  Source.cpp
c:\users\yoshi\source\repos\activemath_msgeditor\project1\source.cpp(2470): warning C4244: '初期化中': 'double' から 'int' への変換です。データが失われる可能性があります。
c:\users\yoshi\source\repos\activemath_msgeditor\project1\source.cpp(2472): warning C4244: '初期化中': 'double' から 'int' への変換です。データが失われる可能性があります。
c:\users\yoshi\source\repos\activemath_msgeditor\project1\source.cpp(3078): warning C4244: '初期化中': 'double' から 'int' への変換です。データが失われる可能性があります。
c:\users\yoshi\source\repos\activemath_msgeditor\project1\source.cpp(3080): warning C4244: '初期化中': 'double' から 'int' への変換です。データが失われる可能性があります。
c:\users\yoshi\source\repos\activemath_msgeditor\project1\source.cpp(3082): warning C4244: '初期化中': 'double' から 'int' への変換です。データが失われる可能性があります。
c:\users\yoshi\source\repos\activemath_msgeditor\project1\source.cpp(3084): warning C4244: '初期化中': 'double' から 'int' への変換です。データが失われる可能性があります。
c:\users\yoshi\source\repos\activemath_msgeditor\project1\source.cpp(3086): warning C4244: '初期化中': 'double' から 'int' への変換です。データが失われる可能性があります。
c:\users\yoshi\source\repos\activemath_msgeditor\project1\source.cpp(3088): warning C4244: '初期化中': 'double' から 'int' への変換です。データが失われる可能性があります。
c:\users\yoshi\source\repos\activemath_msgeditor\project1\source.cpp(3090): warning C4244: '初期化中': 'double' から 'int' への変換です。データが失われる可能性があります。
c:\users\yoshi\source\repos\activemath_msgeditor\project1\source.cpp(3092): warning C4244: '初期化中': 'double' から 'int' への変換です。データが失われる可能性があります。
c:\users\yoshi\source\repos\activemath_msgeditor\project1\source.cpp(3094): warning C4244: '初期化中': 'double' から 'int' への変換です。データが失われる可能性があります。
c:\users\yoshi\source\repos\activemath_msgeditor\project1\source.cpp(3096): warning C4244: '初期化中': 'double' から 'int' への変換です。データが失われる可能性があります。
c:\users\yoshi\source\repos\activemath_msgeditor\project1\source.cpp(3532): warning C4244: '=': 'double' から 'int' への変換です。データが失われる可能性があります。
c:\users\yoshi\source\repos\activemath_msgeditor\project1\source.cpp(3548): warning C4244: '=': 'double' から 'int' への変換です。データが失われる可能性があります。
  コード生成しています。
  2 of 171 functions ( 1.2%) were compiled, the rest were copied from previous compilation.
    0 functions were new in current compilation
    8 functions had inline decision re-evaluated but remain unchanged
  コード生成が終了しました。
  Project1.vcxproj -> C:\Users\Yoshi\source\repos\ActiveMath_MsgEditor\Release\Project1.exe
