  Source.cpp
c:\users\yoshi\source\repos\activemath_msgeditor\project1\source.cpp(2162): warning C4244: '初期化中': 'double' から 'int' への変換です。データが失われる可能性があります。
c:\users\yoshi\source\repos\activemath_msgeditor\project1\source.cpp(2164): warning C4244: '初期化中': 'double' から 'int' への変換です。データが失われる可能性があります。
c:\users\yoshi\source\repos\activemath_msgeditor\project1\source.cpp(2595): warning C4244: '=': 'double' から 'int' への変換です。データが失われる可能性があります。
c:\users\yoshi\source\repos\activemath_msgeditor\project1\source.cpp(2939): warning C4244: '初期化中': 'double' から 'int' への変換です。データが失われる可能性があります。
c:\users\yoshi\source\repos\activemath_msgeditor\project1\source.cpp(2941): warning C4244: '初期化中': 'double' から 'int' への変換です。データが失われる可能性があります。
c:\users\yoshi\source\repos\activemath_msgeditor\project1\source.cpp(2943): warning C4244: '初期化中': 'double' から 'int' への変換です。データが失われる可能性があります。
c:\users\yoshi\source\repos\activemath_msgeditor\project1\source.cpp(2945): warning C4244: '初期化中': 'double' から 'int' への変換です。データが失われる可能性があります。
c:\users\yoshi\source\repos\activemath_msgeditor\project1\source.cpp(2947): warning C4244: '初期化中': 'double' から 'int' への変換です。データが失われる可能性があります。
c:\users\yoshi\source\repos\activemath_msgeditor\project1\source.cpp(2949): warning C4244: '初期化中': 'double' から 'int' への変換です。データが失われる可能性があります。
c:\users\yoshi\source\repos\activemath_msgeditor\project1\source.cpp(2951): warning C4244: '初期化中': 'double' から 'int' への変換です。データが失われる可能性があります。
c:\users\yoshi\source\repos\activemath_msgeditor\project1\source.cpp(2953): warning C4244: '初期化中': 'double' から 'int' への変換です。データが失われる可能性があります。
c:\users\yoshi\source\repos\activemath_msgeditor\project1\source.cpp(2955): warning C4244: '初期化中': 'double' から 'int' への変換です。データが失われる可能性があります。
c:\users\yoshi\source\repos\activemath_msgeditor\project1\source.cpp(2957): warning C4244: '初期化中': 'double' から 'int' への変換です。データが失われる可能性があります。
c:\users\yoshi\source\repos\activemath_msgeditor\project1\source.cpp(3363): warning C4244: '=': 'double' から 'int' への変換です。データが失われる可能性があります。
c:\users\yoshi\source\repos\activemath_msgeditor\project1\source.cpp(3723): warning C4129: '%': エスケープ シーケンスとして正しく認識されませんでした。
c:\users\yoshi\source\repos\activemath_msgeditor\project1\source.cpp(3731): warning C4129: '%': エスケープ シーケンスとして正しく認識されませんでした。
c:\users\yoshi\source\repos\activemath_msgeditor\project1\source.cpp(3739): warning C4129: '%': エスケープ シーケンスとして正しく認識されませんでした。
c:\users\yoshi\source\repos\activemath_msgeditor\project1\source.cpp(2824): warning C4101: 'ListStrLen': ローカル変数は 1 度も使われていません。
c:\users\yoshi\source\repos\activemath_msgeditor\project1\source.cpp(4716): warning C4101: 'ButtonStrLen': ローカル変数は 1 度も使われていません。
c:\users\yoshi\source\repos\activemath_msgeditor\project1\source.cpp(4953): warning C4101: 'ListStrLen': ローカル変数は 1 度も使われていません。
c:\users\yoshi\source\repos\activemath_msgeditor\project1\source.cpp(5102): warning C4101: 'MsgBoxCtrlmEnd': ローカル変数は 1 度も使われていません。
c:\users\yoshi\source\repos\activemath_msgeditor\project1\source.cpp(5821): warning C4101: 'ButtonStrLen': ローカル変数は 1 度も使われていません。
c:\users\yoshi\source\repos\activemath_msgeditor\project1\source.cpp(5976): warning C4101: 'ListStrLen': ローカル変数は 1 度も使われていません。
c:\users\yoshi\source\repos\activemath_msgeditor\project1\source.cpp(6724): warning C4101: 'StrLen': ローカル変数は 1 度も使われていません。
c:\users\yoshi\source\repos\activemath_msgeditor\project1\source.cpp(8064): warning C4101: 'ListStrLen': ローカル変数は 1 度も使われていません。
  Project1.vcxproj -> C:\Users\Yoshi\source\repos\ActiveMath_MsgEditor\Debug\Project1.exe
